<?xml version="1.0" encoding="UTF-8"?>
<!-- Generated by org.testng.reporters.JUnitReportReporter -->
<testsuite hostname="DESKTOP-1BQ3GST" failures="0" tests="1" name="tushargarg.login" time="5.207" errors="0" timestamp="2025-08-08T11:20:38 IST" skipped="0">
  <testcase classname="tushargarg.login" name="goole" time="5.207"/>
</testsuite> <!-- tushargarg.login -->
